Build started 2015-12-07 오후 12:43:15.
     1>Project "D:\C++Portfolio\Github\DxPortfolio\LabProject\LabProject.vcxproj" on node 2 (Build target(s)).
     1>ClCompile:
         D:\Program Files (x86)\Microsoft Visual Studio 12.0\VC\bin\CL.exe /c /Zi /nologo /W3 /WX- /O2 /Oi /Oy- /GL /D WIN32 /D NDEBUG /D _WINDOWS /D _UNICODE /D UNICODE /Gm- /EHsc /MD /GS /Gy /fp:precise /Zc:wchar_t /Zc:forScope /Yu"stdafx.h" /Fp"Release\LabProject.pch" /Fo"Release\\" /Fd"Release\vc120.pdb" /Gd /TP /analyze- /errorReport:prompt Shader.cpp
         Shader.cpp
     1>Shader.cpp(26): warning C4018: '<' : signed/unsigned mismatch
     1>Shader.cpp(86): warning C4018: '<' : signed/unsigned mismatch
     1>Shader.cpp(184): warning C4018: '<' : signed/unsigned mismatch
     1>Shader.cpp(335): warning C4018: '<' : signed/unsigned mismatch
     1>Shader.cpp(423): warning C4305: 'argument' : truncation from 'double' to 'physx::PxReal'
     1>Shader.cpp(490): warning C4244: 'argument' : conversion from 'int' to 'FLOAT', possible loss of data
     1>Shader.cpp(534): warning C4018: '<' : signed/unsigned mismatch
     1>Shader.cpp(564): warning C4018: '<' : signed/unsigned mismatch
     1>Shader.cpp(588): warning C4018: '<' : signed/unsigned mismatch
     1>Shader.cpp(596): warning C4018: '>=' : signed/unsigned mismatch
     1>Shader.cpp(601): warning C4018: '>=' : signed/unsigned mismatch
     1>Shader.cpp(606): warning C4018: '>=' : signed/unsigned mismatch
     1>Shader.cpp(612): warning C4305: 'argument' : truncation from 'double' to 'physx::PxReal'
     1>Shader.cpp(657): warning C4018: '<' : signed/unsigned mismatch
     1>Shader.cpp(674): warning C4018: '<' : signed/unsigned mismatch
     1>Shader.cpp(804): warning C4018: '<' : signed/unsigned mismatch
       Link:
         D:\Program Files (x86)\Microsoft Visual Studio 12.0\VC\bin\link.exe /ERRORREPORT:PROMPT /OUT:"D:\C++Portfolio\Github\DxPortfolio\Release\LabProject.exe" /INCREMENTAL:NO /NOLOGO /LIBPATH:"D:\Program Files\Autodesk\FBX\FBX SDK\2015.1\lib\vs2013\x86\release" d3d11.lib d3dcompiler.lib d3dx11d.lib d3dx9d.lib dxerr.lib dxguid.lib winmm.lib comctl32.lib kernel32.lib user32.lib gdi32.lib winspool.lib comdlg32.lib advapi32.lib shell32.lib ole32.lib oleaut32.lib uuid.lib odbc32.lib odbccp32.lib "libfbxsdk-md.lib" PhysX3Extensions.lib physx3_x86.lib physx3common_x86.lib PhysXVisualDebuggerSDK.lib kernel32.lib user32.lib gdi32.lib winspool.lib comdlg32.lib advapi32.lib shell32.lib ole32.lib oleaut32.lib uuid.lib odbc32.lib odbccp32.lib /MANIFEST /MANIFESTUAC:"level='asInvoker' uiAccess='false'" /manifest:embed /PDB:"D:\C++Portfolio\Github\DxPortfolio\Release\LabProject.pdb" /SUBSYSTEM:WINDOWS /OPT:REF /OPT:ICF /LTCG /TLBID:1 /DYNAMICBASE /NXCOMPAT /IMPLIB:"D:\C++Portfolio\Github\DxPortfolio\Release\LabProject.lib" /MACHINE:X86 /SAFESEH "Release\LabProject07-3.res"
         Release\AABB.obj
         Release\Animation.obj
         Release\AnimationController.obj
         Release\AnimationInstancing.obj
         Release\Camera.obj
         Release\FbxToDxTranslation.obj
         Release\GameFramework.obj
         "Release\LabProject07-3.obj"
         Release\Material.obj
         Release\Mesh.obj
         Release\Object.obj
         Release\Player.obj
         Release\Scene.obj
         Release\Shader.obj
         Release\stdafx.obj
         Release\Texture.obj
         Release\Timer.obj
         Generating code
         Finished generating code
         LabProject.vcxproj -> D:\C++Portfolio\Github\DxPortfolio\Release\LabProject.exe
     1>Done Building Project "D:\C++Portfolio\Github\DxPortfolio\LabProject\LabProject.vcxproj" (Build target(s)).

Build succeeded.

Time Elapsed 00:00:03.78
